<?xml version="1.0" encoding="UTF-8"?>
<testng-results ignored="0" total="2" passed="2" failed="0" skipped="0">
  <reporter-output>
  </reporter-output>
  <suite started-at="2020-11-06T14:37:26 IST" name="Default suite" finished-at="2020-11-06T14:37:45 IST" duration-ms="19090">
    <groups>
    </groups>
    <test started-at="2020-11-06T14:37:26 IST" name="Default test" finished-at="2020-11-06T14:37:45 IST" duration-ms="19090">
      <class name="ScrollDemo">
        <test-method signature="init()[pri:0, instance:ScrollDemo@3b07a0d6]" started-at="2020-11-06T14:37:26 IST" name="init" finished-at="2020-11-06T14:37:35 IST" duration-ms="8319" status="PASS">
          <reporter-output>
          </reporter-output>
        </test-method> <!-- init -->
        <test-method signature="scroll()[pri:1, instance:ScrollDemo@3b07a0d6]" started-at="2020-11-06T14:37:35 IST" name="scroll" finished-at="2020-11-06T14:37:45 IST" depends-on-methods="ScrollDemo.init" duration-ms="10735" status="PASS">
          <reporter-output>
          </reporter-output>
        </test-method> <!-- scroll -->
      </class> <!-- ScrollDemo -->
    </test> <!-- Default test -->
  </suite> <!-- Default suite -->
</testng-results>
