<?xml version="1.0" encoding="UTF-8"?>
<testng-results total="3" passed="3" failed="0" skipped="0">
  <reporter-output>
  </reporter-output>
  <suite started-at="2020-11-05T11:36:13Z" name="Default suite" finished-at="2020-11-05T11:36:34Z" duration-ms="20431">
    <groups>
    </groups>
    <test started-at="2020-11-05T11:36:13Z" name="Default test" finished-at="2020-11-05T11:36:34Z" duration-ms="20431">
      <class name="Demo.LoginRegistration">
        <test-method signature="init()[pri:0, instance:Demo.LoginRegistration@20140db9]" started-at="2020-11-05T17:06:13Z" name="init" finished-at="2020-11-05T17:06:21Z" duration-ms="7752" status="PASS">
          <reporter-output>
          </reporter-output>
        </test-method> <!-- init -->
        <test-method signature="register()[pri:1, instance:Demo.LoginRegistration@20140db9]" started-at="2020-11-05T17:06:21Z" name="register" finished-at="2020-11-05T17:06:30Z" depends-on-methods="Demo.LoginRegistration.init" duration-ms="9188" status="PASS">
          <reporter-output>
          </reporter-output>
        </test-method> <!-- register -->
        <test-method signature="login()[pri:2, instance:Demo.LoginRegistration@20140db9]" started-at="2020-11-05T17:06:30Z" name="login" finished-at="2020-11-05T17:06:34Z" depends-on-methods="Demo.LoginRegistration.register" duration-ms="3454" status="PASS">
          <reporter-output>
          </reporter-output>
        </test-method> <!-- login -->
      </class> <!-- Demo.LoginRegistration -->
    </test> <!-- Default test -->
  </suite> <!-- Default suite -->
</testng-results>
